<?xml version="1.0" encoding="UTF-8"?>
<testng-results ignored="0" total="6" passed="6" failed="0" skipped="0">
  <reporter-output>
  </reporter-output>
  <suite started-at="2024-06-02T17:51:37 IST" name="LambaTestSuite" finished-at="2024-06-02T17:52:58 IST" duration-ms="81732">
    <groups>
    </groups>
    <test started-at="2024-06-02T17:51:37 IST" name="ChromeTest" finished-at="2024-06-02T17:52:23 IST" duration-ms="46719">
      <class name="com.main.Main">
        <test-method signature="scenario1(java.lang.String,java.lang.String,java.lang.String)[pri:0, instance:com.main.Main@2ddc9a9f]" started-at="2024-06-02T17:51:37 IST" name="scenario1" finished-at="2024-06-02T17:51:51 IST" duration-ms="13793" status="PASS">
          <params>
            <param index="0">
              <value>
                <![CDATA[Chrome]]>
              </value>
            </param>
            <param index="1">
              <value>
                <![CDATA[124.0]]>
              </value>
            </param>
            <param index="2">
              <value>
                <![CDATA[Windows 10]]>
              </value>
            </param>
          </params>
          <reporter-output>
          </reporter-output>
        </test-method> <!-- scenario1 -->
        <test-method signature="scenario2(java.lang.String,java.lang.String,java.lang.String)[pri:0, instance:com.main.Main@2ddc9a9f]" started-at="2024-06-02T17:51:51 IST" name="scenario2" finished-at="2024-06-02T17:52:10 IST" duration-ms="19151" status="PASS">
          <params>
            <param index="0">
              <value>
                <![CDATA[Chrome]]>
              </value>
            </param>
            <param index="1">
              <value>
                <![CDATA[124.0]]>
              </value>
            </param>
            <param index="2">
              <value>
                <![CDATA[Windows 10]]>
              </value>
            </param>
          </params>
          <reporter-output>
          </reporter-output>
        </test-method> <!-- scenario2 -->
        <test-method signature="scenario3(java.lang.String,java.lang.String,java.lang.String)[pri:0, instance:com.main.Main@2ddc9a9f]" started-at="2024-06-02T17:52:10 IST" name="scenario3" finished-at="2024-06-02T17:52:23 IST" duration-ms="13710" status="PASS">
          <params>
            <param index="0">
              <value>
                <![CDATA[Chrome]]>
              </value>
            </param>
            <param index="1">
              <value>
                <![CDATA[124.0]]>
              </value>
            </param>
            <param index="2">
              <value>
                <![CDATA[Windows 10]]>
              </value>
            </param>
          </params>
          <reporter-output>
          </reporter-output>
        </test-method> <!-- scenario3 -->
      </class> <!-- com.main.Main -->
    </test> <!-- ChromeTest -->
    <test started-at="2024-06-02T17:51:37 IST" name="MACTEST" finished-at="2024-06-02T17:52:58 IST" duration-ms="81732">
      <class name="com.main.Main">
        <test-method signature="scenario1(java.lang.String,java.lang.String,java.lang.String)[pri:0, instance:com.main.Main@24569dba]" started-at="2024-06-02T17:51:37 IST" name="scenario1" finished-at="2024-06-02T17:51:57 IST" duration-ms="19920" status="PASS">
          <params>
            <param index="0">
              <value>
                <![CDATA[Safari]]>
              </value>
            </param>
            <param index="1">
              <value>
                <![CDATA[17.0]]>
              </value>
            </param>
            <param index="2">
              <value>
                <![CDATA[macOS Sonoma]]>
              </value>
            </param>
          </params>
          <reporter-output>
          </reporter-output>
        </test-method> <!-- scenario1 -->
        <test-method signature="scenario2(java.lang.String,java.lang.String,java.lang.String)[pri:0, instance:com.main.Main@24569dba]" started-at="2024-06-02T17:51:57 IST" name="scenario2" finished-at="2024-06-02T17:52:34 IST" duration-ms="37756" status="PASS">
          <params>
            <param index="0">
              <value>
                <![CDATA[Safari]]>
              </value>
            </param>
            <param index="1">
              <value>
                <![CDATA[17.0]]>
              </value>
            </param>
            <param index="2">
              <value>
                <![CDATA[macOS Sonoma]]>
              </value>
            </param>
          </params>
          <reporter-output>
          </reporter-output>
        </test-method> <!-- scenario2 -->
        <test-method signature="scenario3(java.lang.String,java.lang.String,java.lang.String)[pri:0, instance:com.main.Main@24569dba]" started-at="2024-06-02T17:52:34 IST" name="scenario3" finished-at="2024-06-02T17:52:58 IST" duration-ms="23996" status="PASS">
          <params>
            <param index="0">
              <value>
                <![CDATA[Safari]]>
              </value>
            </param>
            <param index="1">
              <value>
                <![CDATA[17.0]]>
              </value>
            </param>
            <param index="2">
              <value>
                <![CDATA[macOS Sonoma]]>
              </value>
            </param>
          </params>
          <reporter-output>
          </reporter-output>
        </test-method> <!-- scenario3 -->
      </class> <!-- com.main.Main -->
    </test> <!-- MACTEST -->
  </suite> <!-- LambaTestSuite -->
</testng-results>
